#0 building with "desktop-linux" instance using docker driver

#1 [internal] load build definition from Dockerfile
#1 transferring dockerfile: 1.41kB done
#1 DONE 0.0s

#2 [internal] load metadata for docker.io/library/ubuntu:24.04
#2 ...

#3 [internal] load metadata for docker.io/library/build:latest
#3 ERROR: pull access denied, repository does not exist or may require authorization: server message: insufficient_scope: authorization failed

#2 [internal] load metadata for docker.io/library/ubuntu:24.04
#2 CANCELED
------
 > [internal] load metadata for docker.io/library/build:latest:
------
Dockerfile:37
--------------------
  35 |     
  36 |     # Copiamos el JAR generado en la etapa de build
  37 | >>> COPY --from=build /app/target/*.jar app.jar
  38 |     
  39 |     # Puerto interno del contenedor (debe coincidir con server.port)
--------------------
ERROR: failed to build: failed to solve: build: failed to resolve source metadata for docker.io/library/build:latest: pull access denied, repository does not exist or may require authorization: server message: insufficient_scope: authorization failed

View build details: docker-desktop://dashboard/build/desktop-linux/desktop-linux/3mydrgdp0tzjzlhwni3yzltcd
